2018/01/04 08:45:58 INFO  - jmeter.util.JMeterUtils: Setting Locale to en_US 
2018/01/04 08:45:58 INFO  - jmeter.JMeter: Loading user properties from: /usr/share/jmeter/bin/user.properties 
2018/01/04 08:45:58 INFO  - jmeter.JMeter: Loading system properties from: /usr/share/jmeter/bin/system.properties 
2018/01/04 08:45:58 INFO  - jmeter.JMeter: Copyright (c) 1998-2014 The Apache Software Foundation 
2018/01/04 08:45:58 INFO  - jmeter.JMeter: Version 2.11.20151206 
2018/01/04 08:45:58 INFO  - jmeter.JMeter: java.version=1.8.0_151 
2018/01/04 08:45:58 INFO  - jmeter.JMeter: java.vm.name=Java HotSpot(TM) 64-Bit Server VM 
2018/01/04 08:45:58 INFO  - jmeter.JMeter: os.name=Linux 
2018/01/04 08:45:58 INFO  - jmeter.JMeter: os.arch=amd64 
2018/01/04 08:45:58 INFO  - jmeter.JMeter: os.version=4.10.0-42-generic 
2018/01/04 08:45:58 INFO  - jmeter.JMeter: file.encoding=UTF-8 
2018/01/04 08:45:58 INFO  - jmeter.JMeter: Default Locale=English (United States) 
2018/01/04 08:45:58 INFO  - jmeter.JMeter: JMeter  Locale=English (United States) 
2018/01/04 08:45:58 INFO  - jmeter.JMeter: JMeterHome=/usr/share/jmeter 
2018/01/04 08:45:58 INFO  - jmeter.JMeter: user.dir  =/home/vtretyv/Documents/Hack-Reactor-Ubuntu/airbnbclone/event_service 
2018/01/04 08:45:58 INFO  - jmeter.JMeter: PWD       =/home/vtretyv/Documents/Hack-Reactor-Ubuntu/airbnbclone/event_service 
2018/01/04 08:45:58 INFO  - jmeter.JMeter: IP: 127.0.1.1 Name: vtretyv-ThinkPad-T430 FullName: vtretyv-ThinkPad-T430 
2018/01/04 08:45:58 INFO  - jmeter.JMeter: Loaded icon properties from org/apache/jmeter/images/icon.properties 
2018/01/04 08:46:00 INFO  - jmeter.engine.util.CompoundVariable: Note: Function class names must contain the string: '.functions.' 
2018/01/04 08:46:00 INFO  - jmeter.engine.util.CompoundVariable: Note: Function class names must not contain the string: '.gui.' 
2018/01/04 08:46:00 INFO  - jmeter.gui.action.LookAndFeelCommand: Using look and feel: javax.swing.plaf.metal.MetalLookAndFeel [Metal, CrossPlatform] 
2018/01/04 08:46:02 INFO  - jmeter.util.BSFTestElement: Registering JMeter version of JavaScript engine as work-round for BSF-22 
2018/01/04 08:46:03 INFO  - jmeter.protocol.http.sampler.HTTPSamplerBase: Cannot find .className property for htmlParser, using default 
2018/01/04 08:46:03 INFO  - jmeter.protocol.http.sampler.HTTPSamplerBase: Parser for text/html is  
2018/01/04 08:46:03 INFO  - jmeter.protocol.http.sampler.HTTPSamplerBase: Parser for application/xhtml+xml is  
2018/01/04 08:46:03 INFO  - jmeter.protocol.http.sampler.HTTPSamplerBase: Parser for application/xml is  
2018/01/04 08:46:03 INFO  - jmeter.protocol.http.sampler.HTTPSamplerBase: Parser for text/xml is  
2018/01/04 08:46:03 INFO  - jmeter.protocol.http.sampler.HTTPSamplerBase: Parser for text/vnd.wap.wml is org.apache.jmeter.protocol.http.parser.RegexpHTMLParser 
2018/01/04 08:46:03 INFO  - jmeter.gui.util.MenuFactory: Skipping org.apache.jmeter.protocol.http.modifier.gui.ParamModifierGui 
2018/01/04 08:46:04 INFO  - jorphan.exec.KeyToolUtils: keytool found at 'keytool' 
2018/01/04 08:46:04 INFO  - jmeter.protocol.http.proxy.ProxyControl: HTTP(S) Test Script Recorder SSL Proxy will use keys that support embedded 3rd party resources in file /usr/share/jmeter/bin/proxyserver.jks 
2018/01/04 08:46:04 INFO  - jmeter.samplers.SampleResult: Note: Sample TimeStamps are START times 
2018/01/04 08:46:04 INFO  - jmeter.samplers.SampleResult: sampleresult.default.encoding is set to ISO-8859-1 
2018/01/04 08:46:04 INFO  - jmeter.samplers.SampleResult: sampleresult.useNanoTime=true 
2018/01/04 08:46:04 INFO  - jmeter.samplers.SampleResult: sampleresult.nanoThreadSleep=5000 
2018/01/04 08:46:18 INFO  - jmeter.services.FileServer: Default base='/home/vtretyv/Documents/Hack-Reactor-Ubuntu/airbnbclone/event_service' 
2018/01/04 08:46:18 INFO  - jmeter.gui.action.Load: Loading file: /home/vtretyv/Documents/Jmeter Test Plans/EventPostTestPlan.jmx 
2018/01/04 08:46:18 INFO  - jmeter.services.FileServer: Set new base='/home/vtretyv/Documents/Jmeter Test Plans' 
2018/01/04 08:46:18 INFO  - jmeter.save.SaveService: Testplan (JMX) version: 2.2. Testlog (JTL) version: 2.2 
2018/01/04 08:46:18 INFO  - jmeter.save.SaveService: Using SaveService properties file encoding UTF-8 
2018/01/04 08:46:18 INFO  - jmeter.save.SaveService: Using SaveService properties version 2.6 
2018/01/04 08:46:18 INFO  - jmeter.save.SaveService: Using SaveService properties file version 1554411 
2018/01/04 08:46:18 INFO  - jmeter.save.SaveService: All converter versions present and correct 
2018/01/04 08:46:19 INFO  - jmeter.services.FileServer: Set new base='/home/vtretyv/Documents/Jmeter Test Plans' 
2018/01/04 08:46:45 INFO  - jmeter.engine.StandardJMeterEngine: Listeners will be started after enabling running version 
2018/01/04 08:46:45 INFO  - jmeter.engine.StandardJMeterEngine: To revert to the earlier behaviour, define jmeterengine.startlistenerslater=false 
2018/01/04 08:46:45 INFO  - jmeter.engine.StandardJMeterEngine: Running the test! 
2018/01/04 08:46:45 INFO  - jmeter.samplers.SampleEvent: List of sample_variables: [] 
2018/01/04 08:46:45 INFO  - jmeter.samplers.SampleEvent: List of sample_variables: [] 
2018/01/04 08:46:45 INFO  - jmeter.gui.util.JMeterMenuBar: setRunning(true,*local*) 
2018/01/04 08:46:45 INFO  - jmeter.engine.StandardJMeterEngine: Starting ThreadGroup: 1 : Thread Group 
2018/01/04 08:46:45 INFO  - jmeter.engine.StandardJMeterEngine: Starting 1 threads for group Thread Group. 
2018/01/04 08:46:45 INFO  - jmeter.engine.StandardJMeterEngine: Thread will continue on error 
2018/01/04 08:46:45 INFO  - jmeter.threads.ThreadGroup: Starting thread group number 1 threads 1 ramp-up 1 perThread 1000.0 delayedStart=false 
2018/01/04 08:46:45 INFO  - jmeter.threads.JMeterThread: jmeterthread.startearlier=true (see jmeter.properties) 
2018/01/04 08:46:45 INFO  - jmeter.threads.JMeterThread: Running PostProcessors in forward order 
2018/01/04 08:46:45 INFO  - jmeter.threads.ThreadGroup: Started thread group number 1 
2018/01/04 08:46:45 INFO  - jmeter.engine.StandardJMeterEngine: All thread groups have been started 
2018/01/04 08:46:45 INFO  - jmeter.threads.JMeterThread: Thread started: Thread Group 1-1 
2018/01/04 08:46:45 INFO  - jmeter.protocol.http.sampler.HTTPHCAbstractImpl: Local host = vtretyv-ThinkPad-T430 
2018/01/04 08:46:45 INFO  - jmeter.protocol.http.sampler.HTTPHC4Impl: HTTP request retry count = 0 
2018/01/04 08:46:45 INFO  - jmeter.protocol.http.sampler.HTTPHC4Impl: Setting up HTTPS TrustAll scheme 
2018/01/04 08:46:45 INFO  - jmeter.util.JsseSSLManager: Using default SSL protocol: TLS 
2018/01/04 08:46:45 INFO  - jmeter.util.JsseSSLManager: SSL session context: per-thread 
2018/01/04 08:46:46 INFO  - jmeter.threads.JMeterThread: Thread finished: Thread Group 1-1 
2018/01/04 08:46:46 INFO  - jmeter.engine.StandardJMeterEngine: Notifying test listeners of end of test 
2018/01/04 08:46:46 INFO  - jmeter.gui.util.JMeterMenuBar: setRunning(false,*local*) 
2018/01/04 08:46:49 INFO  - jmeter.engine.StandardJMeterEngine: Running the test! 
2018/01/04 08:46:49 INFO  - jmeter.samplers.SampleEvent: List of sample_variables: [] 
2018/01/04 08:46:49 INFO  - jmeter.gui.util.JMeterMenuBar: setRunning(true,*local*) 
2018/01/04 08:46:49 INFO  - jmeter.engine.StandardJMeterEngine: Starting ThreadGroup: 1 : Thread Group 
2018/01/04 08:46:49 INFO  - jmeter.engine.StandardJMeterEngine: Starting 1 threads for group Thread Group. 
2018/01/04 08:46:49 INFO  - jmeter.engine.StandardJMeterEngine: Thread will continue on error 
2018/01/04 08:46:49 INFO  - jmeter.threads.ThreadGroup: Starting thread group number 1 threads 1 ramp-up 1 perThread 1000.0 delayedStart=false 
2018/01/04 08:46:49 INFO  - jmeter.threads.ThreadGroup: Started thread group number 1 
2018/01/04 08:46:49 INFO  - jmeter.engine.StandardJMeterEngine: All thread groups have been started 
2018/01/04 08:46:49 INFO  - jmeter.threads.JMeterThread: Thread started: Thread Group 1-1 
2018/01/04 08:46:50 INFO  - jmeter.threads.JMeterThread: Thread finished: Thread Group 1-1 
2018/01/04 08:46:50 INFO  - jmeter.engine.StandardJMeterEngine: Notifying test listeners of end of test 
2018/01/04 08:46:50 INFO  - jmeter.gui.util.JMeterMenuBar: setRunning(false,*local*) 
2018/01/04 08:49:18 INFO  - jmeter.engine.StandardJMeterEngine: Running the test! 
2018/01/04 08:49:18 INFO  - jmeter.samplers.SampleEvent: List of sample_variables: [] 
2018/01/04 08:49:18 INFO  - jmeter.gui.util.JMeterMenuBar: setRunning(true,*local*) 
2018/01/04 08:49:18 INFO  - jmeter.engine.StandardJMeterEngine: Starting ThreadGroup: 1 : Thread Group 
2018/01/04 08:49:18 INFO  - jmeter.engine.StandardJMeterEngine: Starting 1 threads for group Thread Group. 
2018/01/04 08:49:18 INFO  - jmeter.engine.StandardJMeterEngine: Thread will continue on error 
2018/01/04 08:49:18 INFO  - jmeter.threads.ThreadGroup: Starting thread group number 1 threads 1 ramp-up 1 perThread 1000.0 delayedStart=false 
2018/01/04 08:49:18 INFO  - jmeter.threads.ThreadGroup: Started thread group number 1 
2018/01/04 08:49:18 INFO  - jmeter.engine.StandardJMeterEngine: All thread groups have been started 
2018/01/04 08:49:18 INFO  - jmeter.threads.JMeterThread: Thread started: Thread Group 1-1 
2018/01/04 08:49:18 INFO  - jmeter.protocol.http.sampler.HTTPJavaImpl: Maximum connection retries = 10 
2018/01/04 08:49:19 INFO  - jmeter.threads.JMeterThread: Thread finished: Thread Group 1-1 
2018/01/04 08:49:19 INFO  - jmeter.engine.StandardJMeterEngine: Notifying test listeners of end of test 
2018/01/04 08:49:19 INFO  - jmeter.gui.util.JMeterMenuBar: setRunning(false,*local*) 
2018/01/04 08:49:21 INFO  - jmeter.engine.StandardJMeterEngine: Running the test! 
2018/01/04 08:49:21 INFO  - jmeter.samplers.SampleEvent: List of sample_variables: [] 
2018/01/04 08:49:21 INFO  - jmeter.gui.util.JMeterMenuBar: setRunning(true,*local*) 
2018/01/04 08:49:21 INFO  - jmeter.engine.StandardJMeterEngine: Starting ThreadGroup: 1 : Thread Group 
2018/01/04 08:49:21 INFO  - jmeter.engine.StandardJMeterEngine: Starting 1 threads for group Thread Group. 
2018/01/04 08:49:21 INFO  - jmeter.engine.StandardJMeterEngine: Thread will continue on error 
2018/01/04 08:49:21 INFO  - jmeter.threads.ThreadGroup: Starting thread group number 1 threads 1 ramp-up 1 perThread 1000.0 delayedStart=false 
2018/01/04 08:49:21 INFO  - jmeter.threads.ThreadGroup: Started thread group number 1 
2018/01/04 08:49:21 INFO  - jmeter.engine.StandardJMeterEngine: All thread groups have been started 
2018/01/04 08:49:21 INFO  - jmeter.threads.JMeterThread: Thread started: Thread Group 1-1 
2018/01/04 08:49:22 INFO  - jmeter.threads.JMeterThread: Thread finished: Thread Group 1-1 
2018/01/04 08:49:22 INFO  - jmeter.engine.StandardJMeterEngine: Notifying test listeners of end of test 
2018/01/04 08:49:22 INFO  - jmeter.gui.util.JMeterMenuBar: setRunning(false,*local*) 
2018/01/04 08:49:30 INFO  - jmeter.engine.StandardJMeterEngine: Running the test! 
2018/01/04 08:49:30 INFO  - jmeter.samplers.SampleEvent: List of sample_variables: [] 
2018/01/04 08:49:30 INFO  - jmeter.gui.util.JMeterMenuBar: setRunning(true,*local*) 
2018/01/04 08:49:30 INFO  - jmeter.engine.StandardJMeterEngine: Starting ThreadGroup: 1 : Thread Group 
2018/01/04 08:49:30 INFO  - jmeter.engine.StandardJMeterEngine: Starting 1 threads for group Thread Group. 
2018/01/04 08:49:30 INFO  - jmeter.engine.StandardJMeterEngine: Thread will continue on error 
2018/01/04 08:49:30 INFO  - jmeter.threads.ThreadGroup: Starting thread group number 1 threads 1 ramp-up 1 perThread 1000.0 delayedStart=false 
2018/01/04 08:49:30 INFO  - jmeter.threads.ThreadGroup: Started thread group number 1 
2018/01/04 08:49:30 INFO  - jmeter.engine.StandardJMeterEngine: All thread groups have been started 
2018/01/04 08:49:30 INFO  - jmeter.threads.JMeterThread: Thread started: Thread Group 1-1 
2018/01/04 08:49:31 INFO  - jmeter.threads.JMeterThread: Thread finished: Thread Group 1-1 
2018/01/04 08:49:31 INFO  - jmeter.engine.StandardJMeterEngine: Notifying test listeners of end of test 
2018/01/04 08:49:31 INFO  - jmeter.gui.util.JMeterMenuBar: setRunning(false,*local*) 
2018/01/04 08:49:34 INFO  - jmeter.engine.StandardJMeterEngine: Running the test! 
2018/01/04 08:49:34 INFO  - jmeter.samplers.SampleEvent: List of sample_variables: [] 
2018/01/04 08:49:34 INFO  - jmeter.gui.util.JMeterMenuBar: setRunning(true,*local*) 
2018/01/04 08:49:34 INFO  - jmeter.engine.StandardJMeterEngine: Starting ThreadGroup: 1 : Thread Group 
2018/01/04 08:49:34 INFO  - jmeter.engine.StandardJMeterEngine: Starting 1 threads for group Thread Group. 
2018/01/04 08:49:34 INFO  - jmeter.engine.StandardJMeterEngine: Thread will continue on error 
2018/01/04 08:49:34 INFO  - jmeter.threads.ThreadGroup: Starting thread group number 1 threads 1 ramp-up 1 perThread 1000.0 delayedStart=false 
2018/01/04 08:49:34 INFO  - jmeter.threads.ThreadGroup: Started thread group number 1 
2018/01/04 08:49:34 INFO  - jmeter.engine.StandardJMeterEngine: All thread groups have been started 
2018/01/04 08:49:34 INFO  - jmeter.threads.JMeterThread: Thread started: Thread Group 1-1 
2018/01/04 08:49:35 INFO  - jmeter.threads.JMeterThread: Thread finished: Thread Group 1-1 
2018/01/04 08:49:35 INFO  - jmeter.engine.StandardJMeterEngine: Notifying test listeners of end of test 
2018/01/04 08:49:35 INFO  - jmeter.gui.util.JMeterMenuBar: setRunning(false,*local*) 
2018/01/04 08:49:49 INFO  - jmeter.engine.StandardJMeterEngine: Running the test! 
2018/01/04 08:49:49 INFO  - jmeter.samplers.SampleEvent: List of sample_variables: [] 
2018/01/04 08:49:49 INFO  - jmeter.gui.util.JMeterMenuBar: setRunning(true,*local*) 
2018/01/04 08:49:49 INFO  - jmeter.engine.StandardJMeterEngine: Starting ThreadGroup: 1 : Thread Group 
2018/01/04 08:49:49 INFO  - jmeter.engine.StandardJMeterEngine: Starting 1 threads for group Thread Group. 
2018/01/04 08:49:49 INFO  - jmeter.engine.StandardJMeterEngine: Thread will continue on error 
2018/01/04 08:49:49 INFO  - jmeter.threads.ThreadGroup: Starting thread group number 1 threads 1 ramp-up 1 perThread 1000.0 delayedStart=false 
2018/01/04 08:49:49 INFO  - jmeter.threads.ThreadGroup: Started thread group number 1 
2018/01/04 08:49:49 INFO  - jmeter.engine.StandardJMeterEngine: All thread groups have been started 
2018/01/04 08:49:49 INFO  - jmeter.threads.JMeterThread: Thread started: Thread Group 1-1 
2018/01/04 08:49:50 INFO  - jmeter.threads.JMeterThread: Thread finished: Thread Group 1-1 
2018/01/04 08:49:50 INFO  - jmeter.engine.StandardJMeterEngine: Notifying test listeners of end of test 
2018/01/04 08:49:50 INFO  - jmeter.gui.util.JMeterMenuBar: setRunning(false,*local*) 
2018/01/04 08:49:51 INFO  - jmeter.engine.StandardJMeterEngine: Running the test! 
2018/01/04 08:49:51 INFO  - jmeter.samplers.SampleEvent: List of sample_variables: [] 
2018/01/04 08:49:51 INFO  - jmeter.gui.util.JMeterMenuBar: setRunning(true,*local*) 
2018/01/04 08:49:51 INFO  - jmeter.engine.StandardJMeterEngine: Starting ThreadGroup: 1 : Thread Group 
2018/01/04 08:49:51 INFO  - jmeter.engine.StandardJMeterEngine: Starting 1 threads for group Thread Group. 
2018/01/04 08:49:51 INFO  - jmeter.engine.StandardJMeterEngine: Thread will continue on error 
2018/01/04 08:49:51 INFO  - jmeter.threads.ThreadGroup: Starting thread group number 1 threads 1 ramp-up 1 perThread 1000.0 delayedStart=false 
2018/01/04 08:49:51 INFO  - jmeter.threads.ThreadGroup: Started thread group number 1 
2018/01/04 08:49:51 INFO  - jmeter.engine.StandardJMeterEngine: All thread groups have been started 
2018/01/04 08:49:51 INFO  - jmeter.threads.JMeterThread: Thread started: Thread Group 1-1 
2018/01/04 08:49:52 INFO  - jmeter.threads.JMeterThread: Thread finished: Thread Group 1-1 
2018/01/04 08:49:52 INFO  - jmeter.engine.StandardJMeterEngine: Notifying test listeners of end of test 
2018/01/04 08:49:52 INFO  - jmeter.gui.util.JMeterMenuBar: setRunning(false,*local*) 
2018/01/04 08:49:52 INFO  - jmeter.engine.StandardJMeterEngine: Running the test! 
2018/01/04 08:49:52 INFO  - jmeter.samplers.SampleEvent: List of sample_variables: [] 
2018/01/04 08:49:52 INFO  - jmeter.gui.util.JMeterMenuBar: setRunning(true,*local*) 
2018/01/04 08:49:52 INFO  - jmeter.engine.StandardJMeterEngine: Starting ThreadGroup: 1 : Thread Group 
2018/01/04 08:49:52 INFO  - jmeter.engine.StandardJMeterEngine: Starting 1 threads for group Thread Group. 
2018/01/04 08:49:52 INFO  - jmeter.engine.StandardJMeterEngine: Thread will continue on error 
2018/01/04 08:49:52 INFO  - jmeter.threads.ThreadGroup: Starting thread group number 1 threads 1 ramp-up 1 perThread 1000.0 delayedStart=false 
2018/01/04 08:49:52 INFO  - jmeter.threads.ThreadGroup: Started thread group number 1 
2018/01/04 08:49:52 INFO  - jmeter.threads.JMeterThread: Thread started: Thread Group 1-1 
2018/01/04 08:49:52 INFO  - jmeter.engine.StandardJMeterEngine: All thread groups have been started 
2018/01/04 08:49:53 INFO  - jmeter.threads.JMeterThread: Thread finished: Thread Group 1-1 
2018/01/04 08:49:53 INFO  - jmeter.engine.StandardJMeterEngine: Notifying test listeners of end of test 
2018/01/04 08:49:53 INFO  - jmeter.gui.util.JMeterMenuBar: setRunning(false,*local*) 
2018/01/04 08:49:54 INFO  - jmeter.engine.StandardJMeterEngine: Running the test! 
2018/01/04 08:49:54 INFO  - jmeter.samplers.SampleEvent: List of sample_variables: [] 
2018/01/04 08:49:54 INFO  - jmeter.gui.util.JMeterMenuBar: setRunning(true,*local*) 
2018/01/04 08:49:54 INFO  - jmeter.engine.StandardJMeterEngine: Starting ThreadGroup: 1 : Thread Group 
2018/01/04 08:49:54 INFO  - jmeter.engine.StandardJMeterEngine: Starting 1 threads for group Thread Group. 
2018/01/04 08:49:54 INFO  - jmeter.engine.StandardJMeterEngine: Thread will continue on error 
2018/01/04 08:49:54 INFO  - jmeter.threads.ThreadGroup: Starting thread group number 1 threads 1 ramp-up 1 perThread 1000.0 delayedStart=false 
2018/01/04 08:49:54 INFO  - jmeter.threads.ThreadGroup: Started thread group number 1 
2018/01/04 08:49:54 INFO  - jmeter.engine.StandardJMeterEngine: All thread groups have been started 
2018/01/04 08:49:54 INFO  - jmeter.threads.JMeterThread: Thread started: Thread Group 1-1 
2018/01/04 08:49:55 INFO  - jmeter.threads.JMeterThread: Thread finished: Thread Group 1-1 
2018/01/04 08:49:55 INFO  - jmeter.engine.StandardJMeterEngine: Notifying test listeners of end of test 
2018/01/04 08:49:55 INFO  - jmeter.gui.util.JMeterMenuBar: setRunning(false,*local*) 
2018/01/04 08:49:55 INFO  - jmeter.engine.StandardJMeterEngine: Running the test! 
2018/01/04 08:49:55 INFO  - jmeter.samplers.SampleEvent: List of sample_variables: [] 
2018/01/04 08:49:55 INFO  - jmeter.gui.util.JMeterMenuBar: setRunning(true,*local*) 
2018/01/04 08:49:55 INFO  - jmeter.engine.StandardJMeterEngine: Starting ThreadGroup: 1 : Thread Group 
2018/01/04 08:49:55 INFO  - jmeter.engine.StandardJMeterEngine: Starting 1 threads for group Thread Group. 
2018/01/04 08:49:55 INFO  - jmeter.engine.StandardJMeterEngine: Thread will continue on error 
2018/01/04 08:49:55 INFO  - jmeter.threads.ThreadGroup: Starting thread group number 1 threads 1 ramp-up 1 perThread 1000.0 delayedStart=false 
2018/01/04 08:49:55 INFO  - jmeter.threads.ThreadGroup: Started thread group number 1 
2018/01/04 08:49:55 INFO  - jmeter.engine.StandardJMeterEngine: All thread groups have been started 
2018/01/04 08:49:55 INFO  - jmeter.threads.JMeterThread: Thread started: Thread Group 1-1 
2018/01/04 08:49:57 INFO  - jmeter.threads.JMeterThread: Thread finished: Thread Group 1-1 
2018/01/04 08:49:57 INFO  - jmeter.engine.StandardJMeterEngine: Notifying test listeners of end of test 
2018/01/04 08:49:57 INFO  - jmeter.gui.util.JMeterMenuBar: setRunning(false,*local*) 
2018/01/04 08:50:07 INFO  - jmeter.engine.StandardJMeterEngine: Running the test! 
2018/01/04 08:50:07 INFO  - jmeter.samplers.SampleEvent: List of sample_variables: [] 
2018/01/04 08:50:07 INFO  - jmeter.gui.util.JMeterMenuBar: setRunning(true,*local*) 
2018/01/04 08:50:07 INFO  - jmeter.engine.StandardJMeterEngine: Starting ThreadGroup: 1 : Thread Group 
2018/01/04 08:50:07 INFO  - jmeter.engine.StandardJMeterEngine: Starting 1 threads for group Thread Group. 
2018/01/04 08:50:07 INFO  - jmeter.engine.StandardJMeterEngine: Thread will continue on error 
2018/01/04 08:50:07 INFO  - jmeter.threads.ThreadGroup: Starting thread group number 1 threads 1 ramp-up 1 perThread 1000.0 delayedStart=false 
2018/01/04 08:50:07 INFO  - jmeter.threads.ThreadGroup: Started thread group number 1 
2018/01/04 08:50:07 INFO  - jmeter.engine.StandardJMeterEngine: All thread groups have been started 
2018/01/04 08:50:07 INFO  - jmeter.threads.JMeterThread: Thread started: Thread Group 1-1 
2018/01/04 08:50:07 INFO  - jmeter.threads.JMeterThread: Thread finished: Thread Group 1-1 
2018/01/04 08:50:07 INFO  - jmeter.engine.StandardJMeterEngine: Notifying test listeners of end of test 
2018/01/04 08:50:07 INFO  - jmeter.gui.util.JMeterMenuBar: setRunning(false,*local*) 
2018/01/04 08:50:26 INFO  - jmeter.engine.StandardJMeterEngine: Running the test! 
2018/01/04 08:50:26 INFO  - jmeter.samplers.SampleEvent: List of sample_variables: [] 
2018/01/04 08:50:26 INFO  - jmeter.gui.util.JMeterMenuBar: setRunning(true,*local*) 
2018/01/04 08:50:26 INFO  - jmeter.engine.StandardJMeterEngine: Starting ThreadGroup: 1 : Thread Group 
2018/01/04 08:50:26 INFO  - jmeter.engine.StandardJMeterEngine: Starting 1 threads for group Thread Group. 
2018/01/04 08:50:26 INFO  - jmeter.engine.StandardJMeterEngine: Thread will continue on error 
2018/01/04 08:50:26 INFO  - jmeter.threads.ThreadGroup: Starting thread group number 1 threads 1 ramp-up 1 perThread 1000.0 delayedStart=false 
2018/01/04 08:50:26 INFO  - jmeter.threads.ThreadGroup: Started thread group number 1 
2018/01/04 08:50:26 INFO  - jmeter.engine.StandardJMeterEngine: All thread groups have been started 
2018/01/04 08:50:26 INFO  - jmeter.threads.JMeterThread: Thread started: Thread Group 1-1 
2018/01/04 08:50:28 INFO  - jmeter.threads.JMeterThread: Thread finished: Thread Group 1-1 
2018/01/04 08:50:28 INFO  - jmeter.engine.StandardJMeterEngine: Notifying test listeners of end of test 
2018/01/04 08:50:28 INFO  - jmeter.gui.util.JMeterMenuBar: setRunning(false,*local*) 
2018/01/04 08:50:43 INFO  - jmeter.engine.StandardJMeterEngine: Running the test! 
2018/01/04 08:50:43 INFO  - jmeter.samplers.SampleEvent: List of sample_variables: [] 
2018/01/04 08:50:43 INFO  - jmeter.gui.util.JMeterMenuBar: setRunning(true,*local*) 
2018/01/04 08:50:43 INFO  - jmeter.engine.StandardJMeterEngine: Starting ThreadGroup: 1 : Thread Group 
2018/01/04 08:50:43 INFO  - jmeter.engine.StandardJMeterEngine: Starting 1 threads for group Thread Group. 
2018/01/04 08:50:43 INFO  - jmeter.engine.StandardJMeterEngine: Thread will continue on error 
2018/01/04 08:50:43 INFO  - jmeter.threads.ThreadGroup: Starting thread group number 1 threads 1 ramp-up 1 perThread 1000.0 delayedStart=false 
2018/01/04 08:50:43 INFO  - jmeter.threads.ThreadGroup: Started thread group number 1 
2018/01/04 08:50:43 INFO  - jmeter.engine.StandardJMeterEngine: All thread groups have been started 
2018/01/04 08:50:43 INFO  - jmeter.threads.JMeterThread: Thread started: Thread Group 1-1 
2018/01/04 08:50:43 INFO  - jmeter.threads.JMeterThread: Thread finished: Thread Group 1-1 
2018/01/04 08:50:43 INFO  - jmeter.engine.StandardJMeterEngine: Notifying test listeners of end of test 
2018/01/04 08:50:43 INFO  - jmeter.gui.util.JMeterMenuBar: setRunning(false,*local*) 
